SF:lib\features\products\data\datasources\local\cart_local_datasource.g.dart
DA:11,1
DA:14,2
DA:16,1
DA:21,1
DA:29,2
DA:31,1
DA:33,1
DA:41,1
DA:42,1
DA:44,1
DA:46,1
DA:52,2
DA:55,2
DA:57,1
DA:59,1
DA:70,2
DA:72,1
DA:74,1
DA:81,1
DA:82,1
DA:83,1
DA:84,1
DA:85,1
DA:86,1
DA:87,1
DA:89,1
DA:90,2
DA:91,1
DA:94,1
DA:99,1
DA:100,1
DA:101,1
DA:102,0
DA:104,1
DA:105,1
DA:107,3
DA:110,0
DA:112,1
DA:113,1
DA:115,3
DA:118,0
DA:120,1
DA:121,1
DA:123,2
DA:124,1
DA:129,0
DA:134,1
DA:135,1
DA:136,1
DA:138,0
DA:139,1
DA:140,3
DA:142,2
DA:144,2
DA:145,3
DA:147,2
DA:150,3
DA:152,2
DA:154,3
DA:156,2
DA:161,0
DA:163,0
DA:166,2
DA:167,1
DA:176,0
DA:183,1
DA:189,1
DA:190,1
DA:191,1
DA:192,1
DA:193,0
DA:200,0
DA:201,0
DA:202,0
DA:203,0
DA:204,0
DA:205,0
DA:209,0
DA:216,0
DA:217,0
DA:218,0
DA:219,0
DA:220,0
DA:221,0
DA:225,1
DA:227,1
DA:228,2
DA:229,0
DA:231,2
DA:232,4
DA:234,2
DA:235,2
DA:236,4
DA:239,2
DA:240,4
DA:242,2
DA:243,4
DA:248,0
DA:250,0
DA:251,0
DA:252,0
DA:253,0
DA:254,0
DA:255,0
DA:256,0
DA:257,0
DA:262,2
DA:263,0
DA:264,2
DA:267,0
DA:269,0
DA:270,1
DA:271,2
DA:293,0
DA:300,0
DA:301,0
DA:302,0
DA:305,0
DA:306,0
DA:307,0
DA:310,0
DA:311,0
DA:312,0
DA:313,0
DA:316,0
DA:317,0
DA:318,0
DA:321,0
DA:322,0
DA:323,0
DA:329,0
DA:336,0
DA:337,0
DA:338,0
DA:341,0
DA:342,0
DA:343,0
DA:346,0
DA:347,0
DA:348,0
DA:351,0
DA:352,0
DA:353,0
DA:356,0
DA:357,0
DA:358,0
DA:364,0
DA:371,0
DA:372,0
DA:374,0
DA:375,0
DA:377,0
DA:378,0
DA:380,0
DA:381,0
DA:383,0
DA:384,0
DA:385,0
DA:407,0
DA:410,0
DA:411,0
DA:414,0
DA:415,0
DA:416,0
DA:417,0
DA:418,0
DA:419,0
DA:421,0
DA:427,0
DA:435,0
DA:441,0
DA:448,0
DA:449,0
DA:450,0
DA:476,0
DA:477,0
DA:478,0
LF:177
LH:78
end_of_record
SF:lib\features\products\data\datasources\local\cart_local_datasource.dart
DA:17,0
DA:20,3
DA:22,1
DA:26,1
DA:28,2
DA:30,1
DA:33,1
DA:34,2
DA:35,1
DA:36,1
DA:37,1
DA:38,1
DA:41,1
DA:48,1
DA:50,3
DA:51,1
DA:52,1
DA:53,1
DA:54,1
DA:55,1
DA:64,1
DA:66,1
DA:67,1
DA:68,5
DA:75,1
DA:77,3
DA:84,0
DA:85,0
DA:86,0
DA:87,0
DA:90,0
DA:91,0
DA:94,0
LF:33
LH:25
end_of_record
SF:lib\features\products\domain\entities\product.dart
DA:6,6
DA:25,3
DA:26,3
DA:27,3
DA:28,3
DA:29,3
DA:30,3
LF:7
LH:7
end_of_record
SF:lib\features\products\data\models\product_db_dto.dart
DA:6,1
DA:8,1
DA:11,1
DA:13,1
DA:19,0
DA:20,0
DA:21,0
DA:22,0
DA:23,0
DA:24,0
LF:10
LH:4
end_of_record
SF:lib\features\products\domain\usecases\get_products_cart.dart
DA:5,1
DA:11,1
DA:12,2
LF:3
LH:3
end_of_record
SF:lib\features\products\domain\usecases\get_products.dart
DA:5,1
DA:11,1
DA:12,2
LF:3
LH:3
end_of_record
SF:lib\features\products\domain\usecases\add_product_cart.dart
DA:5,0
DA:15,0
DA:16,0
LF:3
LH:0
end_of_record
SF:lib\features\products\domain\usecases\remove_product_cart.dart
DA:5,0
DA:11,0
DA:12,0
LF:3
LH:0
end_of_record
SF:lib\features\products\presentation\bloc\cart\cart_state.dart
DA:7,3
DA:9,0
DA:10,0
DA:12,1
DA:13,1
DA:15,0
DA:16,0
DA:18,1
LF:8
LH:4
end_of_record
SF:lib\features\products\presentation\bloc\cart\cart_event.dart
DA:8,1
DA:14,1
LF:2
LH:2
end_of_record
SF:lib\features\products\presentation\bloc\cart\cart_bloc.dart
DA:16,1
DA:23,2
DA:24,2
DA:25,2
DA:26,2
DA:29,1
DA:33,3
DA:34,4
DA:37,1
DA:41,3
DA:42,4
DA:45,1
DA:49,2
DA:50,2
LF:14
LH:14
end_of_record
SF:lib\features\products\presentation\bloc\productsList\products_list_state.dart
DA:4,1
DA:14,1
DA:15,4
DA:19,3
DA:23,1
DA:24,1
DA:26,0
DA:31,0
DA:32,0
DA:33,0
DA:34,0
DA:40,1
DA:41,1
DA:43,0
DA:48,0
DA:49,0
DA:50,0
DA:51,0
DA:57,0
DA:62,0
DA:65,0
DA:71,0
DA:72,0
DA:73,0
DA:74,0
DA:75,0
LF:26
LH:8
end_of_record
SF:lib\features\products\presentation\bloc\productsList\products_list_event.dart
DA:4,1
DA:6,0
DA:7,0
DA:14,1
DA:19,0
LF:5
LH:2
end_of_record
SF:lib\features\products\presentation\bloc\productsList\products_list_bloc.dart
DA:14,1
DA:15,1
DA:16,3
DA:23,3
DA:24,2
DA:25,1
DA:26,1
DA:27,2
DA:28,1
DA:29,1
DA:34,2
DA:35,1
DA:36,1
DA:39,1
DA:40,1
DA:41,4
DA:42,1
DA:43,1
DA:46,4
DA:48,0
DA:49,0
DA:50,0
DA:51,0
DA:52,0
DA:53,0
DA:57,1
DA:60,1
DA:62,1
LF:28
LH:22
end_of_record
